# JRE version: OpenJDK Runtime Environment (8.0_412-b08) (build 1.8.0_412-b08)
# Java VM: OpenJDK 64-Bit Server VM (25.412-b08 mixed mode windows-amd64 compressed oops)
Heap:
 PSYoungGen      total 189952K, used 113126K [0x00000000d6800000, 0x00000000e4a00000, 0x0000000100000000)
  eden space 180224K, 62% used [0x00000000d6800000,0x00000000dd679a28,0x00000000e1800000)
  from space 9728K, 0% used [0x00000000e2300000,0x00000000e2300000,0x00000000e2c80000)
  to   space 11264K, 0% used [0x00000000e1800000,0x00000000e1800000,0x00000000e2300000)
 ParOldGen       total 83968K, used 15778K [0x0000000083800000, 0x0000000088a00000, 0x00000000d6800000)
  object space 83968K, 18% used [0x0000000083800000,0x0000000084768a58,0x0000000088a00000)
 Metaspace       used 39986K, capacity 41764K, committed 42024K, reserved 1085440K
  class space    used 5325K, capacity 5641K, committed 5672K, reserved 1048576K
GC Heap History (10 events):
Event: 1.223 GC heap before
{Heap before GC invocations=6 (full 1):
 PSYoungGen      total 70656K, used 5093K [0x00000000d6800000, 0x00000000df800000, 0x0000000100000000)
  eden space 65536K, 0% used [0x00000000d6800000,0x00000000d6800000,0x00000000da800000)
  from space 5120K, 99% used [0x00000000da800000,0x00000000dacf9640,0x00000000dad00000)
  to   space 8192K, 0% used [0x00000000df000000,0x00000000df000000,0x00000000df800000)
 ParOldGen       total 86016K, used 4847K [0x0000000083800000, 0x0000000088c00000, 0x00000000d6800000)
  object space 86016K, 5% used [0x0000000083800000,0x0000000083cbbc18,0x0000000088c00000)
 Metaspace       used 20654K, capacity 21152K, committed 21296K, reserved 1067008K
  class space    used 2707K, capacity 2848K, committed 2944K, reserved 1048576K
Event: 1.244 GC heap after
Heap after GC invocations=6 (full 1):
 PSYoungGen      total 70656K, used 0K [0x00000000d6800000, 0x00000000df800000, 0x0000000100000000)
  eden space 65536K, 0% used [0x00000000d6800000,0x00000000d6800000,0x00000000da800000)
  from space 5120K, 0% used [0x00000000da800000,0x00000000da800000,0x00000000dad00000)
  to   space 8192K, 0% used [0x00000000df000000,0x00000000df000000,0x00000000df800000)
 ParOldGen       total 51200K, used 6309K [0x0000000083800000, 0x0000000086a00000, 0x00000000d6800000)
  object space 51200K, 12% used [0x0000000083800000,0x0000000083e29560,0x0000000086a00000)
 Metaspace       used 20653K, capacity 21146K, committed 21296K, reserved 1067008K
  class space    used 2706K, capacity 2847K, committed 2944K, reserved 1048576K
}
Event: 1.423 GC heap before
{Heap before GC invocations=7 (full 1):
 PSYoungGen      total 70656K, used 65536K [0x00000000d6800000, 0x00000000df800000, 0x0000000100000000)
  eden space 65536K, 100% used [0x00000000d6800000,0x00000000da800000,0x00000000da800000)
  from space 5120K, 0% used [0x00000000da800000,0x00000000da800000,0x00000000dad00000)
  to   space 8192K, 0% used [0x00000000df000000,0x00000000df000000,0x00000000df800000)
 ParOldGen       total 51200K, used 6309K [0x0000000083800000, 0x0000000086a00000, 0x00000000d6800000)
  object space 51200K, 12% used [0x0000000083800000,0x0000000083e29560,0x0000000086a00000)
 Metaspace       used 24733K, capacity 25344K, committed 25472K, reserved 1071104K
  class space    used 3235K, capacity 3388K, committed 3456K, reserved 1048576K
Event: 1.427 GC heap after
Heap after GC invocations=7 (full 1):
 PSYoungGen      total 116224K, used 5495K [0x00000000d6800000, 0x00000000df580000, 0x0000000100000000)
  eden space 110592K, 0% used [0x00000000d6800000,0x00000000d6800000,0x00000000dd400000)
  from space 5632K, 97% used [0x00000000df000000,0x00000000df55dfb0,0x00000000df580000)
  to   space 7680K, 0% used [0x00000000de680000,0x00000000de680000,0x00000000dee00000)
 ParOldGen       total 51200K, used 6317K [0x0000000083800000, 0x0000000086a00000, 0x00000000d6800000)
  object space 51200K, 12% used [0x0000000083800000,0x0000000083e2b560,0x0000000086a00000)
 Metaspace       used 24733K, capacity 25344K, committed 25472K, reserved 1071104K
  class space    used 3235K, capacity 3388K, committed 3456K, reserved 1048576K
}
Event: 1.997 GC heap before
{Heap before GC invocations=8 (full 1):
 PSYoungGen      total 116224K, used 116087K [0x00000000d6800000, 0x00000000df580000, 0x0000000100000000)
  eden space 110592K, 100% used [0x00000000d6800000,0x00000000dd400000,0x00000000dd400000)
  from space 5632K, 97% used [0x00000000df000000,0x00000000df55dfb0,0x00000000df580000)
  to   space 7680K, 0% used [0x00000000de680000,0x00000000de680000,0x00000000dee00000)
 ParOldGen       total 51200K, used 6317K [0x0000000083800000, 0x0000000086a00000, 0x00000000d6800000)
  object space 51200K, 12% used [0x0000000083800000,0x0000000083e2b560,0x0000000086a00000)
 Metaspace       used 30321K, capacity 31282K, committed 31360K, reserved 1077248K
  class space    used 3996K, capacity 4211K, committed 4224K, reserved 1048576K
Event: 2.004 GC heap after
Heap after GC invocations=8 (full 1):
 PSYoungGen      total 137216K, used 7673K [0x00000000d6800000, 0x00000000e2c80000, 0x0000000100000000)
  eden space 129536K, 0% used [0x00000000d6800000,0x00000000d6800000,0x00000000de680000)
  from space 7680K, 99% used [0x00000000de680000,0x00000000dedfe4f0,0x00000000dee00000)
  to   space 9728K, 0% used [0x00000000e2300000,0x00000000e2300000,0x00000000e2c80000)
 ParOldGen       total 51200K, used 8417K [0x0000000083800000, 0x0000000086a00000, 0x00000000d6800000)
  object space 51200K, 16% used [0x0000000083800000,0x00000000840385d0,0x0000000086a00000)
 Metaspace       used 30321K, capacity 31282K, committed 31360K, reserved 1077248K
  class space    used 3996K, capacity 4211K, committed 4224K, reserved 1048576K
}
Event: 2.442 GC heap before
{Heap before GC invocations=9 (full 1):
 PSYoungGen      total 137216K, used 80140K [0x00000000d6800000, 0x00000000e2c80000, 0x0000000100000000)
  eden space 129536K, 55% used [0x00000000d6800000,0x00000000daec4e70,0x00000000de680000)
  from space 7680K, 99% used [0x00000000de680000,0x00000000dedfe4f0,0x00000000dee00000)
  to   space 9728K, 0% used [0x00000000e2300000,0x00000000e2300000,0x00000000e2c80000)
 ParOldGen       total 51200K, used 8417K [0x0000000083800000, 0x0000000086a00000, 0x00000000d6800000)
  object space 51200K, 16% used [0x0000000083800000,0x00000000840385d0,0x0000000086a00000)
 Metaspace       used 34047K, capacity 35426K, committed 35496K, reserved 1079296K
  class space    used 4473K, capacity 4749K, committed 4776K, reserved 1048576K
Event: 2.449 GC heap after
Heap after GC invocations=9 (full 1):
 PSYoungGen      total 189952K, used 9707K [0x00000000d6800000, 0x00000000e4a00000, 0x0000000100000000)
  eden space 180224K, 0% used [0x00000000d6800000,0x00000000d6800000,0x00000000e1800000)
  from space 9728K, 99% used [0x00000000e2300000,0x00000000e2c7af10,0x00000000e2c80000)
  to   space 11264K, 0% used [0x00000000e1800000,0x00000000e1800000,0x00000000e2300000)
 ParOldGen       total 51200K, used 9820K [0x0000000083800000, 0x0000000086a00000, 0x00000000d6800000)
  object space 51200K, 19% used [0x0000000083800000,0x0000000084197088,0x0000000086a00000)
 Metaspace       used 34047K, capacity 35426K, committed 35496K, reserved 1079296K
  class space    used 4473K, capacity 4749K, committed 4776K, reserved 1048576K
}
Event: 2.449 GC heap before
{Heap before GC invocations=10 (full 2):
 PSYoungGen      total 189952K, used 9707K [0x00000000d6800000, 0x00000000e4a00000, 0x0000000100000000)
  eden space 180224K, 0% used [0x00000000d6800000,0x00000000d6800000,0x00000000e1800000)
  from space 9728K, 99% used [0x00000000e2300000,0x00000000e2c7af10,0x00000000e2c80000)
  to   space 11264K, 0% used [0x00000000e1800000,0x00000000e1800000,0x00000000e2300000)
 ParOldGen       total 51200K, used 9820K [0x0000000083800000, 0x0000000086a00000, 0x00000000d6800000)
  object space 51200K, 19% used [0x0000000083800000,0x0000000084197088,0x0000000086a00000)
 Metaspace       used 34047K, capacity 35426K, committed 35496K, reserved 1079296K
  class space    used 4473K, capacity 4749K, committed 4776K, reserved 1048576K
Event: 2.501 GC heap after
Heap after GC invocations=10 (full 2):
 PSYoungGen      total 189952K, used 0K [0x00000000d6800000, 0x00000000e4a00000, 0x0000000100000000)
  eden space 180224K, 0% used [0x00000000d6800000,0x00000000d6800000,0x00000000e1800000)
  from space 9728K, 0% used [0x00000000e2300000,0x00000000e2300000,0x00000000e2c80000)
  to   space 11264K, 0% used [0x00000000e1800000,0x00000000e1800000,0x00000000e2300000)
 ParOldGen       total 83968K, used 15778K [0x0000000083800000, 0x0000000088a00000, 0x00000000d6800000)
  object space 83968K, 18% used [0x0000000083800000,0x0000000084768a58,0x0000000088a00000)
 Metaspace       used 34047K, capacity 35426K, committed 35496K, reserved 1079296K
  class space    used 4473K, capacity 4749K, committed 4776K, reserved 1048576K
}

